<?xml version="1.0" encoding="UTF-8"?>
<!-- Generated by org.testng.reporters.JUnitReportReporter -->
<testsuite hostname="DESKTOP-Q9RBF93" failures="0" tests="3" name="qa.tests.TestCase1" time="9.465" errors="0" timestamp="2024-08-26T19:50:56 IST" skipped="0">
  <testcase classname="qa.tests.TestCase1" name="user_is_on_loginpage" time="8.677"/>
  <system-out/>
  <testcase classname="qa.tests.TestCase1" name="user_entered_username_and_password_and_click_on_login" time="0.785"/>
  <system-out/>
  <testcase classname="qa.tests.TestCase1" name="logginsucessfull" time="0.003"/>
  <system-out/>
</testsuite> <!-- qa.tests.TestCase1 -->
